<?xml version="1.0" encoding="utf-8"?><testsuites name="pytest tests"><testsuite name="pytest" errors="0" failures="0" skipped="0" tests="18" time="2.671" timestamp="2026-06-08T16:07:21.804678+00:00" hostname="agent-env-b07ef70f-40d9-485d-a6c7-51e3cc1a548f"><testcase classname="tests.test_lifesync_api.TestAuth" name="test_register_fresh_and_login" time="0.781" /><testcase classname="tests.test_lifesync_api.TestAuth" name="test_login_qa_user" time="0.277" /><testcase classname="tests.test_lifesync_api.TestAuth" name="test_login_invalid" time="0.274" /><testcase classname="tests.test_lifesync_api.TestAuth" name="test_auth_me" time="0.065" /><testcase classname="tests.test_lifesync_api.TestAuth" name="test_no_token_returns_401" time="0.051" /><testcase classname="tests.test_lifesync_api.TestAIRemoved" name="test_get_ai_reports_404" time="0.071" /><testcase classname="tests.test_lifesync_api.TestAIRemoved" name="test_post_ai_report_404" time="0.055" /><testcase classname="tests.test_lifesync_api.TestStatsReport" name="test_weekly_report" time="0.058" /><testcase classname="tests.test_lifesync_api.TestStatsReport" name="test_monthly_report" time="0.075" /><testcase classname="tests.test_lifesync_api.TestStatsReport" name="test_stats_requires_auth" time="0.056" /><testcase classname="tests.test_lifesync_api.TestDashboard" name="test_summary" time="0.060" /><testcase classname="tests.test_lifesync_api.TestDashboard" name="test_config" time="0.056" /><testcase classname="tests.test_lifesync_api.TestSupplements" name="test_list_supplements" time="0.137" /><testcase classname="tests.test_lifesync_api.TestSupplements" name="test_update_supplement" time="0.055" /><testcase classname="tests.test_lifesync_api.TestSupplements" name="test_take_and_untake" time="0.170" /><testcase classname="tests.test_lifesync_api.TestSupplements" name="test_adherence" time="0.115" /><testcase classname="tests.test_lifesync_api.TestWater" name="test_add_water_and_today" time="0.222" /><testcase classname="tests.test_lifesync_api.TestWater" name="test_water_history" time="0.056" /></testsuite></testsuites>